#
# There is insufficient memory for the Java Runtime Environment to continue.
# Native memory allocation (mmap) failed to map 268435456 bytes for G1 virtual space
# Possible reasons:
#   The system is out of physical RAM or swap space
#   The process is running with CompressedOops enabled, and the Java Heap may be blocking the growth of the native heap
# Possible solutions:
#   Reduce memory load on the system
#   Increase physical memory or swap space
#   Check if swap backing store is full
#   Decrease Java heap size (-Xmx/-Xms)
#   Decrease number of Java threads
#   Decrease Java thread stack sizes (-Xss)
#   Set larger code cache with -XX:ReservedCodeCacheSize=
#   JVM is running with Zero Based Compressed Oops mode in which the Java heap is
#     placed in the first 32GB address space. The Java Heap base address is the
#     maximum limit for the native heap growth. Please use -XX:HeapBaseMinAddress
#     to set the Java Heap base and to place the Java Heap above 32GB virtual address.
# This output file may be truncated or incomplete.
#
#  Out of Memory Error (os_windows.cpp:3829), pid=35900, tid=32860
#
# JRE version:  (17.0.8+7) (build )
# Java VM: OpenJDK 64-Bit Server VM (17.0.8+7-b1000.8, mixed mode, sharing, tiered, compressed oops, compressed class ptrs, g1 gc, windows-amd64)
# No core dump will be written. Minidumps are not enabled by default on client versions of Windows
#

---------------  S U M M A R Y ------------

Command Line: git4idea.http.GitAskPassApp Username for 'https://github.com': 

Host: AMD Ryzen 5 5600X 6-Core Processor             , 12 cores, 15G,  Windows 10 , 64 bit Build 19041 (10.0.19041.3636)
Time: Wed Nov 22 19:49:31 2023  Windows 10 , 64 bit Build 19041 (10.0.19041.3636) elapsed time: 0.008393 seconds (0d 0h 0m 0s)

---------------  T H R E A D  ---------------

Current thread (0x0000017d0ce9e880):  JavaThread "Unknown thread" [_thread_in_vm, id=32860, stack(0x0000003f33900000,0x0000003f33a00000)]

Stack: [0x0000003f33900000,0x0000003f33a00000]
Native frames: (J=compiled Java code, j=interpreted, Vv=VM code, C=native code)
V  [jvm.dll+0x6852da]
V  [jvm.dll+0x844c84]
V  [jvm.dll+0x84659e]
V  [jvm.dll+0x846c03]
V  [jvm.dll+0x24b7cf]
V  [jvm.dll+0x682049]
V  [jvm.dll+0x67671a]
V  [jvm.dll+0x30be2b]
V  [jvm.dll+0x3132d6]
V  [jvm.dll+0x36302e]
V  [jvm.dll+0x36325f]
V  [jvm.dll+0x2e1f48]
V  [jvm.dll+0x2e2eb4]
V  [jvm.dll+0x815c11]
V  [jvm.dll+0x370df1]
V  [jvm.dll+0x7f4fdc]
V  [jvm.dll+0x3f3f1f]
V  [jvm.dll+0x3f5b31]
C  [jli.dll+0x528f]
C  [ucrtbase.dll+0x21bb2]
C  [KERNEL32.DLL+0x17344]
C  [ntdll.dll+0x526b1]


---------------  P R O C E S S  ---------------

Threads class SMR info:
_java_thread_list=0x00007ffaebfb0098, length=0, elements={
}

Java Threads: ( => current thread )

Other Threads:
  0x0000017d0cf0a7f0 GCTaskThread "GC Thread#0" [stack: 0x0000003f33a00000,0x0000003f33b00000] [id=36768]
  0x0000017d0cf1b490 ConcurrentGCThread "G1 Main Marker" [stack: 0x0000003f33b00000,0x0000003f33c00000] [id=35488]
  0x0000017d0cf1c920 ConcurrentGCThread "G1 Conc#0" [stack: 0x0000003f33c00000,0x0000003f33d00000] [id=23796]

[error occurred during error reporting (printing all threads), id 0xc0000005, EXCEPTION_ACCESS_VIOLATION (0xc0000005) at pc=0x00007ffaeb762ab7]

VM state: not at safepoint (not fully initialized)

VM Mutex/Monitor currently owned by a thread:  ([mutex/lock_event])
[0x0000017d0ce99c40] Heap_lock - owner thread: 0x0000017d0ce9e880

Heap address: 0x0000000701c00000, size: 4068 MB, Compressed Oops mode: Zero based, Oop shift amount: 3

CDS archive(s) mapped at: [0x0000000000000000-0x0000000000000000-0x0000000000000000), size 0, SharedBaseAddress: 0x0000000800000000, ArchiveRelocationMode: 1.
Narrow klass base: 0x0000000000000000, Narrow klass shift: 0, Narrow klass range: 0x0

GC Precious Log:
<Empty>

Heap:
 garbage-first heap   total 0K, used 0K [0x0000000701c00000, 0x0000000800000000)
  region size 2048K, 0 young (0K), 0 survivors (0K)
 Metaspace       used 0K, committed 0K, reserved 0K
  class space    used 0K, committed 0K, reserved 0K

Heap Regions: E=young(eden), S=young(survivor), O=old, HS=humongous(starts), HC=humongous(continues), CS=collection set, F=free, OA=open archive, CA=closed archive, TAMS=top-at-mark-start (previous, next)

Card table byte_map: [0x0000017d20340000,0x0000017d20b40000] _byte_map_base: 0x0000017d1cb32000

Marking Bits (Prev, Next): (CMBitMap*) 0x0000017d0cf0ad20, (CMBitMap*) 0x0000017d0cf0ad60
 Prev Bits: [0x0000017d21340000, 0x0000017d252d0000)
 Next Bits: [0x0000017d252d0000, 0x0000017d29260000)

GC Heap History (0 events):
No events

Dll operation events (1 events):
Event: 0.006 Loaded shared library G:\User\pyCharm\PyCharm Community Edition 2023.2.1\jbr\bin\java.dll

Deoptimization events (0 events):
No events

Classes unloaded (0 events):
No events

Classes redefined (0 events):
No events

Internal exceptions (0 events):
No events

VM Operations (0 events):
No events

Events (0 events):
No events


Dynamic libraries:
0x00007ff7ef890000 - 0x00007ff7ef89a000 	G:\User\pyCharm\PyCharm Community Edition 2023.2.1\jbr\bin\java.exe
0x00007ffb45e70000 - 0x00007ffb46068000 	C:\WINDOWS\SYSTEM32\ntdll.dll
0x00007ffb45570000 - 0x00007ffb4562d000 	C:\WINDOWS\System32\KERNEL32.DLL
0x00007ffb43550000 - 0x00007ffb43846000 	C:\WINDOWS\System32\KERNELBASE.dll
0x00007ffb43bd0000 - 0x00007ffb43cd0000 	C:\WINDOWS\System32\ucrtbase.dll
0x00007ffb15a10000 - 0x00007ffb15a27000 	G:\User\pyCharm\PyCharm Community Edition 2023.2.1\jbr\bin\jli.dll
0x00007ffb22440000 - 0x00007ffb2245b000 	G:\User\pyCharm\PyCharm Community Edition 2023.2.1\jbr\bin\VCRUNTIME140.dll
0x00007ffb44260000 - 0x00007ffb443fe000 	C:\WINDOWS\System32\USER32.dll
0x00007ffb43b30000 - 0x00007ffb43b52000 	C:\WINDOWS\System32\win32u.dll
0x00007ffb44400000 - 0x00007ffb4442c000 	C:\WINDOWS\System32\GDI32.dll
0x00007ffb43cd0000 - 0x00007ffb43dea000 	C:\WINDOWS\System32\gdi32full.dll
0x00007ffb2d800000 - 0x00007ffb2da9a000 	C:\WINDOWS\WinSxS\amd64_microsoft.windows.common-controls_6595b64144ccf1df_6.0.19041.3636_none_60b6a03d71f818d5\COMCTL32.dll
0x00007ffb43a60000 - 0x00007ffb43afd000 	C:\WINDOWS\System32\msvcp_win.dll
0x00007ffb44080000 - 0x00007ffb4411e000 	C:\WINDOWS\System32\msvcrt.dll
0x00007ffb45630000 - 0x00007ffb45660000 	C:\WINDOWS\System32\IMM32.DLL
0x0000000068d50000 - 0x0000000068d5c000 	C:\Program Files (x86)\360\Total Security\safemon\SafeWrapper.dll
0x00007ffb454c0000 - 0x00007ffb4556f000 	C:\WINDOWS\System32\ADVAPI32.dll
0x00007ffb43ed0000 - 0x00007ffb43f6c000 	C:\WINDOWS\System32\sechost.dll
0x00007ffb44950000 - 0x00007ffb44a76000 	C:\WINDOWS\System32\RPCRT4.dll
0x00007ffb000c0000 - 0x00007ffb00152000 	C:\Program Files (x86)\360\Total Security\safemon\libzdtp64.dll
0x00007ffb44cf0000 - 0x00007ffb45434000 	C:\WINDOWS\System32\SHELL32.dll
0x00007ffb45660000 - 0x00007ffb456b5000 	C:\WINDOWS\System32\SHLWAPI.dll
0x00007ffb430c0000 - 0x00007ffb430ca000 	C:\WINDOWS\SYSTEM32\VERSION.dll
0x00007ffb22500000 - 0x00007ffb2250c000 	G:\User\pyCharm\PyCharm Community Edition 2023.2.1\jbr\bin\vcruntime140_1.dll
0x00007ffaf65f0000 - 0x00007ffaf667d000 	G:\User\pyCharm\PyCharm Community Edition 2023.2.1\jbr\bin\msvcp140.dll
0x00007ffaeb470000 - 0x00007ffaec0f3000 	G:\User\pyCharm\PyCharm Community Edition 2023.2.1\jbr\bin\server\jvm.dll
0x00007ffb28600000 - 0x00007ffb28609000 	C:\WINDOWS\SYSTEM32\WSOCK32.dll
0x00007ffb42ba0000 - 0x00007ffb42beb000 	C:\WINDOWS\SYSTEM32\POWRPROF.dll
0x00007ffb31f10000 - 0x00007ffb31f37000 	C:\WINDOWS\SYSTEM32\WINMM.dll
0x00007ffb45440000 - 0x00007ffb454ab000 	C:\WINDOWS\System32\WS2_32.dll
0x00007ffb42b60000 - 0x00007ffb42b72000 	C:\WINDOWS\SYSTEM32\UMPDC.dll
0x00007ffb413c0000 - 0x00007ffb413d2000 	C:\WINDOWS\SYSTEM32\kernel.appcore.dll
0x00007ffb3f230000 - 0x00007ffb3f23a000 	G:\User\pyCharm\PyCharm Community Edition 2023.2.1\jbr\bin\jimage.dll
0x00007ffb2fc10000 - 0x00007ffb2fdf4000 	C:\WINDOWS\SYSTEM32\DBGHELP.DLL
0x00007ffb1f980000 - 0x00007ffb1f9b4000 	C:\WINDOWS\SYSTEM32\dbgcore.DLL
0x00007ffb43df0000 - 0x00007ffb43e72000 	C:\WINDOWS\System32\bcryptPrimitives.dll
0x00007ffb266c0000 - 0x00007ffb266e5000 	G:\User\pyCharm\PyCharm Community Edition 2023.2.1\jbr\bin\java.dll

dbghelp: loaded successfully - version: 4.0.5 - missing functions: none
symbol engine: initialized successfully - sym options: 0x614 - pdb path: .;G:\User\pyCharm\PyCharm Community Edition 2023.2.1\jbr\bin;C:\WINDOWS\SYSTEM32;C:\WINDOWS\WinSxS\amd64_microsoft.windows.common-controls_6595b64144ccf1df_6.0.19041.3636_none_60b6a03d71f818d5;C:\Program Files (x86)\360\Total Security\safemon;G:\User\pyCharm\PyCharm Community Edition 2023.2.1\jbr\bin\server

VM Arguments:
java_command: git4idea.http.GitAskPassApp Username for 'https://github.com': 
java_class_path (initial): G:/User/pyCharm/PyCharm Community Edition 2023.2.1/plugins/vcs-git/lib/git4idea-rt.jar;G:/User/pyCharm/PyCharm Community Edition 2023.2.1/lib/externalProcess-rt.jar
Launcher Type: SUN_STANDARD

[Global flags]
     intx CICompilerCount                          = 4                                         {product} {ergonomic}
     uint ConcGCThreads                            = 3                                         {product} {ergonomic}
     uint G1ConcRefinementThreads                  = 10                                        {product} {ergonomic}
   size_t G1HeapRegionSize                         = 2097152                                   {product} {ergonomic}
    uintx GCDrainStackTargetSize                   = 64                                        {product} {ergonomic}
   size_t InitialHeapSize                          = 268435456                                 {product} {ergonomic}
   size_t MarkStackSize                            = 4194304                                   {product} {ergonomic}
   size_t MaxHeapSize                              = 4265607168                                {product} {ergonomic}
   size_t MinHeapDeltaBytes                        = 2097152                                   {product} {ergonomic}
   size_t MinHeapSize                              = 8388608                                   {product} {ergonomic}
    uintx NonNMethodCodeHeapSize                   = 5839372                                {pd product} {ergonomic}
    uintx NonProfiledCodeHeapSize                  = 122909434                              {pd product} {ergonomic}
    uintx ProfiledCodeHeapSize                     = 122909434                              {pd product} {ergonomic}
    uintx ReservedCodeCacheSize                    = 251658240                              {pd product} {ergonomic}
     bool SegmentedCodeCache                       = true                                      {product} {ergonomic}
   size_t SoftMaxHeapSize                          = 4265607168                             {manageable} {ergonomic}
     bool UseCompressedClassPointers               = true                           {product lp64_product} {ergonomic}
     bool UseCompressedOops                        = true                           {product lp64_product} {ergonomic}
     bool UseG1GC                                  = true                                      {product} {ergonomic}
     bool UseLargePagesIndividualAllocation        = false                                  {pd product} {ergonomic}

Logging:
Log output configuration:
 #0: stdout all=warning uptime,level,tags
 #1: stderr all=off uptime,level,tags

Environment Variables:
PATH=C:\Program Files\Git\mingw64\libexec\git-core;C:\Program Files\Git\mingw64\libexec\git-core;C:\Program Files\Git\mingw64\bin;C:\Program Files\Git\usr\bin;C:\Users\User\bin;G:\User\StudentKachur_PythonProject\Lab_11\venv\Scripts;C:\Program Files (x86)\Razer Chroma SDK\bin;C:\Program Files\Razer Chroma SDK\bin;C:\Program Files (x86)\Razer\ChromaBroadcast\bin;C:\Program Files\Razer\ChromaBroadcast\bin;C:\Program Files\Microsoft\jdk-11.0.16.101-hotspot\bin;C:\WINDOWS\system32;C:\WINDOWS;C:\WINDOWS\System32\Wbem;C:\WINDOWS\System32\WindowsPowerShell\v1.0;C:\WINDOWS\System32\OpenSSH;C:\Program Files\NVIDIA Corporation\NVIDIA NvDLISR;C:\Program Files (x86)\NVIDIA Corporation\PhysX\Common;C:\Program Files\dotnet;C:\Program Files\Microsoft SQL Server\130\Tools\Binn;D:\AMD\runtime\win64;D:\AMD\bin;D:\AMD\polyspace\bin;C:\Program Files\Microsoft SQL Server\150\Tools\Binn;C:\Program Files (x86)\dotnet;C:\Program Files\Microsoft SQL Server\Client SDK\ODBC\170\Tools\Binn;C:\Program Files (x86)\Microsoft SQL Server\160\Tools\Binn;C:\Program Files\Microsoft SQL Server\160\Tools\Binn;C:\Program Files\Microsoft SQL Server\160\DTS\Binn;C:\Program Files (x86)\Microsoft SQL Server\160\DTS\Binn;C:\Program Files\Azure Data Studio\bin;C:\WINDOWS\system32\config\systemprofile\AppData\Local\Microsoft\WindowsApps;E:\CoCox\CoIDE\gcc\bin;C:\Program Files\Git\cmd;G:\User\Quarto\bin;G:\User\Python 3.11.8\Scripts;G:\User\Python 3.11.8;G:\User\Python 3.9.8\Scripts;G:\User\Python 3.9.8;C:\Users\User\AppData\Local\Microsoft\WindowsApps;C:\Users\User\.dotnet\tools;C:\Program Files\Azure Data Studio\bin;G:\User\pyCharm\PyCharm Community Edition 2023.2.1\bin
USERNAME=User
DISPLAY=:0.0
LC_ALL=en_US.UTF-8
TERM=xterm-256color
TMPDIR=C:\Users\User\AppData\Local\Temp
OS=Windows_NT
PROCESSOR_IDENTIFIER=AMD64 Family 25 Model 33 Stepping 2, AuthenticAMD
TMP=C:\Users\User\AppData\Local\Temp
TEMP=C:\Users\User\AppData\Local\Temp


JNI global refs:
JNI global refs: 0, weak refs: 0

JNI global refs memory usage: 0, weak refs: 0

OOME stack traces (most recent first):
Classloader memory used:


---------------  S Y S T E M  ---------------

OS:
 Windows 10 , 64 bit Build 19041 (10.0.19041.3636)
OS uptime: 3 days 22:23 hours

CPU: total 12 (initial active 12) (12 cores per cpu, 2 threads per core) family 25 model 33 stepping 2 microcode 0x0, cx8, cmov, fxsr, ht, mmx, 3dnowpref, sse, sse2, sse3, ssse3, sse4a, sse4.1, sse4.2, popcnt, lzcnt, tsc, tscinvbit, avx, avx2, aes, erms, clmul, bmi1, bmi2, adx, sha, fma, vzeroupper, clflush, clflushopt
Processor Information for all 12 processors :
  Max Mhz: 3701, Current Mhz: 3701, Mhz Limit: 3701

Memory: 4k page, system-wide physical 16268M (2527M free)
TotalPageFile size 18268M (AvailPageFile size 157M)
current process WorkingSet (physical memory assigned to process): 11M, peak: 11M
current process commit charge ("private bytes"): 65M, peak: 320M

vm_info: OpenJDK 64-Bit Server VM (17.0.8+7-b1000.8) for windows-amd64 JRE (17.0.8+7-b1000.8), built on 2023-08-04 by "builduser" with MS VC++ 16.10 / 16.11 (VS2019)

END.
